This file contains any messages produced by compilers while
running configure, to aid debugging if configure makes a mistake.

It was created by configure, which was
generated by GNU Autoconf 2.69.  Invocation command line was

  $ ./configure --enable-debug=gdb

## --------- ##
## Platform. ##
## --------- ##

hostname = reinvented
uname -m = x86_64
uname -r = 2.6.32-573.3.1.el6.x86_64
uname -s = Linux
uname -v = #1 SMP Thu Aug 13 22:55:16 UTC 2015

/usr/bin/uname -p = unknown
/bin/uname -X     = unknown

/bin/arch              = x86_64
/usr/bin/arch -k       = unknown
/usr/convex/getsysinfo = unknown
/usr/bin/hostinfo      = unknown
/bin/machine           = unknown
/usr/bin/oslevel       = unknown
/bin/universe          = unknown

PATH: /usr/local/sbin
PATH: /usr/sbin
PATH: /sbin
PATH: /usr/local/bin
PATH: /usr/bin
PATH: /bin
PATH: /root/bin


## ----------- ##
## Core tests. ##
## ----------- ##

configure:2243: checking for gcc
configure:2259: found /usr/bin/gcc
configure:2270: result: gcc
configure:2499: checking for C compiler version
configure:2508: gcc --version >&5
gcc (GCC) 4.4.7 20120313 (Red Hat 4.4.7-16)
Copyright (C) 2010 Free Software Foundation, Inc.
This is free software; see the source for copying conditions.  There is NO
warranty; not even for MERCHANTABILITY or FITNESS FOR A PARTICULAR PURPOSE.

configure:2519: $? = 0
configure:2508: gcc -v >&5
Using built-in specs.
Target: x86_64-redhat-linux
Configured with: ../configure --prefix=/usr --mandir=/usr/share/man --infodir=/usr/share/info --with-bugurl=http://bugzilla.redhat.com/bugzilla --enable-bootstrap --enable-shared --enable-threads=posix --enable-checking=release --with-system-zlib --enable-__cxa_atexit --disable-libunwind-exceptions --enable-gnu-unique-object --enable-languages=c,c++,objc,obj-c++,java,fortran,ada --enable-java-awt=gtk --disable-dssi --with-java-home=/usr/lib/jvm/java-1.5.0-gcj-1.5.0.0/jre --enable-libgcj-multifile --enable-java-maintainer-mode --with-ecj-jar=/usr/share/java/eclipse-ecj.jar --disable-libjava-multilib --with-ppl --with-cloog --with-tune=generic --with-arch_32=i686 --build=x86_64-redhat-linux
Thread model: posix
gcc version 4.4.7 20120313 (Red Hat 4.4.7-16) (GCC) 
configure:2519: $? = 0
configure:2508: gcc -V >&5
gcc: '-V' option must have argument
configure:2519: $? = 1
configure:2508: gcc -qversion >&5
gcc: unrecognized option '-qversion'
gcc: no input files
configure:2519: $? = 1
configure:2539: checking whether the C compiler works
configure:2561: gcc    conftest.c  >&5
configure:2565: $? = 0
configure:2613: result: yes
configure:2616: checking for C compiler default output file name
configure:2618: result: a.out
configure:2624: checking for suffix of executables
configure:2631: gcc -o conftest    conftest.c  >&5
configure:2635: $? = 0
configure:2657: result: 
configure:2679: checking whether we are cross compiling
configure:2687: gcc -o conftest    conftest.c  >&5
configure:2691: $? = 0
configure:2698: ./conftest
configure:2702: $? = 0
configure:2717: result: no
configure:2722: checking for suffix of object files
configure:2744: gcc -c   conftest.c >&5
configure:2748: $? = 0
configure:2769: result: o
configure:2773: checking whether we are using the GNU C compiler
configure:2792: gcc -c   conftest.c >&5
configure:2792: $? = 0
configure:2801: result: yes
configure:2810: checking whether gcc accepts -g
configure:2830: gcc -c -g  conftest.c >&5
configure:2830: $? = 0
configure:2871: result: yes
configure:2888: checking for gcc option to accept ISO C89
configure:2951: gcc  -c -g -O2  conftest.c >&5
configure:2951: $? = 0
configure:2964: result: none needed
configure:2990: checking how to run the C preprocessor
configure:3021: gcc -E  conftest.c
configure:3021: $? = 0
configure:3035: gcc -E  conftest.c
conftest.c:9:28: error: ac_nonexistent.h: No such file or directory
configure:3035: $? = 1
configure: failed program was:
| /* confdefs.h */
| #define PACKAGE_NAME ""
| #define PACKAGE_TARNAME ""
| #define PACKAGE_VERSION ""
| #define PACKAGE_STRING ""
| #define PACKAGE_BUGREPORT ""
| #define PACKAGE_URL ""
| /* end confdefs.h.  */
| #include <ac_nonexistent.h>
configure:3060: result: gcc -E
configure:3080: gcc -E  conftest.c
configure:3080: $? = 0
configure:3094: gcc -E  conftest.c
conftest.c:9:28: error: ac_nonexistent.h: No such file or directory
configure:3094: $? = 1
configure: failed program was:
| /* confdefs.h */
| #define PACKAGE_NAME ""
| #define PACKAGE_TARNAME ""
| #define PACKAGE_VERSION ""
| #define PACKAGE_STRING ""
| #define PACKAGE_BUGREPORT ""
| #define PACKAGE_URL ""
| /* end confdefs.h.  */
| #include <ac_nonexistent.h>
configure:3123: checking for grep that handles long lines and -e
configure:3181: result: /bin/grep
configure:3186: checking for egrep
configure:3248: result: /bin/grep -E
configure:3253: checking for ANSI C header files
configure:3273: gcc -c -g -O2  conftest.c >&5
configure:3273: $? = 0
configure:3346: gcc -o conftest -g -O2   conftest.c  >&5
configure:3346: $? = 0
configure:3346: ./conftest
configure:3346: $? = 0
configure:3357: result: yes
configure:3370: checking for sys/types.h
configure:3370: gcc -c -g -O2  conftest.c >&5
configure:3370: $? = 0
configure:3370: result: yes
configure:3370: checking for sys/stat.h
configure:3370: gcc -c -g -O2  conftest.c >&5
configure:3370: $? = 0
configure:3370: result: yes
configure:3370: checking for stdlib.h
configure:3370: gcc -c -g -O2  conftest.c >&5
configure:3370: $? = 0
configure:3370: result: yes
configure:3370: checking for string.h
configure:3370: gcc -c -g -O2  conftest.c >&5
configure:3370: $? = 0
configure:3370: result: yes
configure:3370: checking for memory.h
configure:3370: gcc -c -g -O2  conftest.c >&5
configure:3370: $? = 0
configure:3370: result: yes
configure:3370: checking for strings.h
configure:3370: gcc -c -g -O2  conftest.c >&5
configure:3370: $? = 0
configure:3370: result: yes
configure:3370: checking for inttypes.h
configure:3370: gcc -c -g -O2  conftest.c >&5
configure:3370: $? = 0
configure:3370: result: yes
configure:3370: checking for stdint.h
configure:3370: gcc -c -g -O2  conftest.c >&5
configure:3370: $? = 0
configure:3370: result: yes
configure:3370: checking for unistd.h
configure:3370: gcc -c -g -O2  conftest.c >&5
configure:3370: $? = 0
configure:3370: result: yes
configure:3383: checking minix/config.h usability
configure:3383: gcc -c -g -O2  conftest.c >&5
conftest.c:52:26: error: minix/config.h: No such file or directory
configure:3383: $? = 1
configure: failed program was:
| /* confdefs.h */
| #define PACKAGE_NAME ""
| #define PACKAGE_TARNAME ""
| #define PACKAGE_VERSION ""
| #define PACKAGE_STRING ""
| #define PACKAGE_BUGREPORT ""
| #define PACKAGE_URL ""
| #define STDC_HEADERS 1
| #define HAVE_SYS_TYPES_H 1
| #define HAVE_SYS_STAT_H 1
| #define HAVE_STDLIB_H 1
| #define HAVE_STRING_H 1
| #define HAVE_MEMORY_H 1
| #define HAVE_STRINGS_H 1
| #define HAVE_INTTYPES_H 1
| #define HAVE_STDINT_H 1
| #define HAVE_UNISTD_H 1
| /* end confdefs.h.  */
| #include <stdio.h>
| #ifdef HAVE_SYS_TYPES_H
| # include <sys/types.h>
| #endif
| #ifdef HAVE_SYS_STAT_H
| # include <sys/stat.h>
| #endif
| #ifdef STDC_HEADERS
| # include <stdlib.h>
| # include <stddef.h>
| #else
| # ifdef HAVE_STDLIB_H
| #  include <stdlib.h>
| # endif
| #endif
| #ifdef HAVE_STRING_H
| # if !defined STDC_HEADERS && defined HAVE_MEMORY_H
| #  include <memory.h>
| # endif
| # include <string.h>
| #endif
| #ifdef HAVE_STRINGS_H
| # include <strings.h>
| #endif
| #ifdef HAVE_INTTYPES_H
| # include <inttypes.h>
| #endif
| #ifdef HAVE_STDINT_H
| # include <stdint.h>
| #endif
| #ifdef HAVE_UNISTD_H
| # include <unistd.h>
| #endif
| #include <minix/config.h>
configure:3383: result: no
configure:3383: checking minix/config.h presence
configure:3383: gcc -E  conftest.c
conftest.c:19:26: error: minix/config.h: No such file or directory
configure:3383: $? = 1
configure: failed program was:
| /* confdefs.h */
| #define PACKAGE_NAME ""
| #define PACKAGE_TARNAME ""
| #define PACKAGE_VERSION ""
| #define PACKAGE_STRING ""
| #define PACKAGE_BUGREPORT ""
| #define PACKAGE_URL ""
| #define STDC_HEADERS 1
| #define HAVE_SYS_TYPES_H 1
| #define HAVE_SYS_STAT_H 1
| #define HAVE_STDLIB_H 1
| #define HAVE_STRING_H 1
| #define HAVE_MEMORY_H 1
| #define HAVE_STRINGS_H 1
| #define HAVE_INTTYPES_H 1
| #define HAVE_STDINT_H 1
| #define HAVE_UNISTD_H 1
| /* end confdefs.h.  */
| #include <minix/config.h>
configure:3383: result: no
configure:3383: checking for minix/config.h
configure:3383: result: no
configure:3404: checking whether it is safe to define __EXTENSIONS__
configure:3422: gcc -c -g -O2  conftest.c >&5
configure:3422: $? = 0
configure:3429: result: yes
configure:3861: checking whether make sets $(MAKE)
configure:3883: result: yes
configure:3940: checking for gcc
configure:3967: result: gcc
configure:4196: checking for C compiler version
configure:4205: gcc --version >&5
gcc (GCC) 4.4.7 20120313 (Red Hat 4.4.7-16)
Copyright (C) 2010 Free Software Foundation, Inc.
This is free software; see the source for copying conditions.  There is NO
warranty; not even for MERCHANTABILITY or FITNESS FOR A PARTICULAR PURPOSE.

configure:4216: $? = 0
configure:4205: gcc -v >&5
Using built-in specs.
Target: x86_64-redhat-linux
Configured with: ../configure --prefix=/usr --mandir=/usr/share/man --infodir=/usr/share/info --with-bugurl=http://bugzilla.redhat.com/bugzilla --enable-bootstrap --enable-shared --enable-threads=posix --enable-checking=release --with-system-zlib --enable-__cxa_atexit --disable-libunwind-exceptions --enable-gnu-unique-object --enable-languages=c,c++,objc,obj-c++,java,fortran,ada --enable-java-awt=gtk --disable-dssi --with-java-home=/usr/lib/jvm/java-1.5.0-gcj-1.5.0.0/jre --enable-libgcj-multifile --enable-java-maintainer-mode --with-ecj-jar=/usr/share/java/eclipse-ecj.jar --disable-libjava-multilib --with-ppl --with-cloog --with-tune=generic --with-arch_32=i686 --build=x86_64-redhat-linux
Thread model: posix
gcc version 4.4.7 20120313 (Red Hat 4.4.7-16) (GCC) 
configure:4216: $? = 0
configure:4205: gcc -V >&5
gcc: '-V' option must have argument
configure:4216: $? = 1
configure:4205: gcc -qversion >&5
gcc: unrecognized option '-qversion'
gcc: no input files
configure:4216: $? = 1
configure:4220: checking whether we are using the GNU C compiler
configure:4248: result: yes
configure:4257: checking whether gcc accepts -g
configure:4318: result: yes
configure:4335: checking for gcc option to accept ISO C89
configure:4411: result: none needed
configure:4436: checking how to run the C preprocessor
configure:4506: result: gcc -E
configure:4526: gcc -E  -DMAXCONN=16384 conftest.c
configure:4526: $? = 0
configure:4540: gcc -E  -DMAXCONN=16384 conftest.c
conftest.c:24:28: error: ac_nonexistent.h: No such file or directory
configure:4540: $? = 1
configure: failed program was:
| /* confdefs.h */
| #define PACKAGE_NAME ""
| #define PACKAGE_TARNAME ""
| #define PACKAGE_VERSION ""
| #define PACKAGE_STRING ""
| #define PACKAGE_BUGREPORT ""
| #define PACKAGE_URL ""
| #define STDC_HEADERS 1
| #define HAVE_SYS_TYPES_H 1
| #define HAVE_SYS_STAT_H 1
| #define HAVE_STDLIB_H 1
| #define HAVE_STRING_H 1
| #define HAVE_MEMORY_H 1
| #define HAVE_STRINGS_H 1
| #define HAVE_INTTYPES_H 1
| #define HAVE_STDINT_H 1
| #define HAVE_UNISTD_H 1
| #define __EXTENSIONS__ 1
| #define _ALL_SOURCE 1
| #define _GNU_SOURCE 1
| #define _POSIX_PTHREAD_SEMANTICS 1
| #define _TANDEM_SOURCE 1
| /* end confdefs.h.  */
| #include <ac_nonexistent.h>
configure:4570: checking for ar
configure:4588: found /usr/bin/ar
configure:4600: result: /usr/bin/ar
configure:4620: checking whether byte ordering is bigendian
configure:4635: gcc -c -g -O2 -pipe -ffast-math -Wall -Wextra -Wno-sign-compare  -DMAXCONN=16384 -I../common conftest.c >&5
conftest.c:25: error: expected '=', ',', ';', 'asm' or '__attribute__' before 'a'
configure:4635: $? = 1
configure: failed program was:
| /* confdefs.h */
| #define PACKAGE_NAME ""
| #define PACKAGE_TARNAME ""
| #define PACKAGE_VERSION ""
| #define PACKAGE_STRING ""
| #define PACKAGE_BUGREPORT ""
| #define PACKAGE_URL ""
| #define STDC_HEADERS 1
| #define HAVE_SYS_TYPES_H 1
| #define HAVE_SYS_STAT_H 1
| #define HAVE_STDLIB_H 1
| #define HAVE_STRING_H 1
| #define HAVE_MEMORY_H 1
| #define HAVE_STRINGS_H 1
| #define HAVE_INTTYPES_H 1
| #define HAVE_STDINT_H 1
| #define HAVE_UNISTD_H 1
| #define __EXTENSIONS__ 1
| #define _ALL_SOURCE 1
| #define _GNU_SOURCE 1
| #define _POSIX_PTHREAD_SEMANTICS 1
| #define _TANDEM_SOURCE 1
| /* end confdefs.h.  */
| #ifndef __APPLE_CC__
| 	       not a universal capable compiler
| 	     #endif
| 	     typedef int dummy;
| 
configure:4680: gcc -c -g -O2 -pipe -ffast-math -Wall -Wextra -Wno-sign-compare  -DMAXCONN=16384 -I../common conftest.c >&5
configure:4680: $? = 0
configure:4698: gcc -c -g -O2 -pipe -ffast-math -Wall -Wextra -Wno-sign-compare  -DMAXCONN=16384 -I../common conftest.c >&5
conftest.c: In function 'main':
conftest.c:31: error: 'not' undeclared (first use in this function)
conftest.c:31: error: (Each undeclared identifier is reported only once
conftest.c:31: error: for each function it appears in.)
conftest.c:31: error: expected ';' before 'big'
configure:4698: $? = 1
configure: failed program was:
| /* confdefs.h */
| #define PACKAGE_NAME ""
| #define PACKAGE_TARNAME ""
| #define PACKAGE_VERSION ""
| #define PACKAGE_STRING ""
| #define PACKAGE_BUGREPORT ""
| #define PACKAGE_URL ""
| #define STDC_HEADERS 1
| #define HAVE_SYS_TYPES_H 1
| #define HAVE_SYS_STAT_H 1
| #define HAVE_STDLIB_H 1
| #define HAVE_STRING_H 1
| #define HAVE_MEMORY_H 1
| #define HAVE_STRINGS_H 1
| #define HAVE_INTTYPES_H 1
| #define HAVE_STDINT_H 1
| #define HAVE_UNISTD_H 1
| #define __EXTENSIONS__ 1
| #define _ALL_SOURCE 1
| #define _GNU_SOURCE 1
| #define _POSIX_PTHREAD_SEMANTICS 1
| #define _TANDEM_SOURCE 1
| /* end confdefs.h.  */
| #include <sys/types.h>
| 		#include <sys/param.h>
| 
| int
| main ()
| {
| #if BYTE_ORDER != BIG_ENDIAN
| 		 not big endian
| 		#endif
| 
|   ;
|   return 0;
| }
configure:4826: result: no
configure:4895: checking whether gcc produces 32bit code
configure:4913: gcc -o conftest -g -O2 -pipe -ffast-math -Wall -Wextra -Wno-sign-compare  -DMAXCONN=16384 -I../common  conftest.c  >&5
conftest.c: In function 'main':
conftest.c:25: warning: unused parameter 'argc'
conftest.c:25: warning: unused parameter 'argv'
configure:4913: $? = 0
configure:4913: ./conftest
configure:4913: $? = 1
configure: program exited with status 1
configure: failed program was:
| /* confdefs.h */
| #define PACKAGE_NAME ""
| #define PACKAGE_TARNAME ""
| #define PACKAGE_VERSION ""
| #define PACKAGE_STRING ""
| #define PACKAGE_BUGREPORT ""
| #define PACKAGE_URL ""
| #define STDC_HEADERS 1
| #define HAVE_SYS_TYPES_H 1
| #define HAVE_SYS_STAT_H 1
| #define HAVE_STDLIB_H 1
| #define HAVE_STRING_H 1
| #define HAVE_MEMORY_H 1
| #define HAVE_STRINGS_H 1
| #define HAVE_INTTYPES_H 1
| #define HAVE_STDINT_H 1
| #define HAVE_UNISTD_H 1
| #define __EXTENSIONS__ 1
| #define _ALL_SOURCE 1
| #define _GNU_SOURCE 1
| #define _POSIX_PTHREAD_SEMANTICS 1
| #define _TANDEM_SOURCE 1
| /* end confdefs.h.  */
| 
| 		int main(int argc, char **argv){
| 			if(sizeof(void*) == 4) return 0;
| 			else return 1;
| 		}
| 
configure:4958: result: no
configure:4972: checking whether gcc supports __thread specifier (TLS)
configure:4991: gcc -o conftest -g -O2 -pipe -ffast-math -Wall -Wextra -Wno-sign-compare  -DMAXCONN=16384 -I../common  conftest.c  >&5
conftest.c: In function 'main':
conftest.c:27: warning: unused parameter 'argc'
conftest.c:27: warning: unused parameter 'argv'
configure:4991: $? = 0
configure:4991: ./conftest
configure:4991: $? = 0
configure:4993: result: yes
configure:5021: checking whether gcc supports -flto
configure:5038: gcc -o conftest -g -O2 -pipe -ffast-math -Wall -Wextra -Wno-sign-compare -flto  -DMAXCONN=16384 -I../common -DHAS_TLS  -flto conftest.c  >&5
cc1: error: unrecognized command line option "-flto"
cc1: error: unrecognized command line option "-flto"
configure:5038: $? = 1
configure: program exited with status 1
configure: failed program was:
| /* confdefs.h */
| #define PACKAGE_NAME ""
| #define PACKAGE_TARNAME ""
| #define PACKAGE_VERSION ""
| #define PACKAGE_STRING ""
| #define PACKAGE_BUGREPORT ""
| #define PACKAGE_URL ""
| #define STDC_HEADERS 1
| #define HAVE_SYS_TYPES_H 1
| #define HAVE_SYS_STAT_H 1
| #define HAVE_STDLIB_H 1
| #define HAVE_STRING_H 1
| #define HAVE_MEMORY_H 1
| #define HAVE_STRINGS_H 1
| #define HAVE_INTTYPES_H 1
| #define HAVE_STDINT_H 1
| #define HAVE_UNISTD_H 1
| #define __EXTENSIONS__ 1
| #define _ALL_SOURCE 1
| #define _GNU_SOURCE 1
| #define _POSIX_PTHREAD_SEMANTICS 1
| #define _TANDEM_SOURCE 1
| /* end confdefs.h.  */
| 
| 			int main(int argc, char **argv){
| 				return 0;
| 			}
| 
configure:5045: result: no
configure:5111: checking whether gcc supports -Wno-unused-parameter
configure:5119: gcc -c -g -O2 -pipe -ffast-math -Wall -Wextra -Wno-sign-compare -Werror -Wno-unused-parameter  -DMAXCONN=16384 -I../common -DHAS_TLS conftest.c >&5
configure:5119: $? = 0
configure:5129: gcc -c -g -O2 -pipe -ffast-math -Wall -Wextra -Wno-sign-compare -Werror -Wunused-parameter  -DMAXCONN=16384 -I../common -DHAS_TLS conftest.c >&5
configure:5129: $? = 0
configure:5131: result: yes
configure:5136: checking whether gcc can actually use -Wno-unused-parameter
configure:5143: gcc -c -g -O2 -pipe -ffast-math -Wall -Wextra -Wno-sign-compare -Werror -Wunused-parameter  -DMAXCONN=16384 -I../common -DHAS_TLS conftest.c >&5
cc1: warnings being treated as errors
conftest.c: In function 'foo':
conftest.c:24: error: unused parameter 'bar'
configure:5143: $? = 1
configure: failed program was:
| /* confdefs.h */
| #define PACKAGE_NAME ""
| #define PACKAGE_TARNAME ""
| #define PACKAGE_VERSION ""
| #define PACKAGE_STRING ""
| #define PACKAGE_BUGREPORT ""
| #define PACKAGE_URL ""
| #define STDC_HEADERS 1
| #define HAVE_SYS_TYPES_H 1
| #define HAVE_SYS_STAT_H 1
| #define HAVE_STDLIB_H 1
| #define HAVE_STRING_H 1
| #define HAVE_MEMORY_H 1
| #define HAVE_STRINGS_H 1
| #define HAVE_INTTYPES_H 1
| #define HAVE_STDINT_H 1
| #define HAVE_UNISTD_H 1
| #define __EXTENSIONS__ 1
| #define _ALL_SOURCE 1
| #define _GNU_SOURCE 1
| #define _POSIX_PTHREAD_SEMANTICS 1
| #define _TANDEM_SOURCE 1
| /* end confdefs.h.  */
| int foo(int bar) { return 0; }
configure:5156: gcc -c -g -O2 -pipe -ffast-math -Wall -Wextra -Wno-sign-compare -Werror -Wno-unused-parameter  -DMAXCONN=16384 -I../common -DHAS_TLS conftest.c >&5
configure:5156: $? = 0
configure:5158: result: yes
configure:5199: checking whether gcc supports -Wno-clobbered
configure:5207: gcc -c -g -O2 -pipe -ffast-math -Wall -Wextra -Wno-sign-compare -Wno-unused-parameter -Werror -Wno-clobbered  -DMAXCONN=16384 -I../common -DHAS_TLS conftest.c >&5
configure:5207: $? = 0
configure:5217: gcc -c -g -O2 -pipe -ffast-math -Wall -Wextra -Wno-sign-compare -Wno-unused-parameter -Werror -Wclobbered  -DMAXCONN=16384 -I../common -DHAS_TLS conftest.c >&5
configure:5217: $? = 0
configure:5219: result: yes
configure:5287: checking whether gcc supports -Wempty-body
configure:5295: gcc -c -g -O2 -pipe -ffast-math -Wall -Wextra -Wno-sign-compare -Wno-unused-parameter -Wno-clobbered -Werror -Wempty-body  -DMAXCONN=16384 -I../common -DHAS_TLS conftest.c >&5
configure:5295: $? = 0
configure:5297: result: yes
configure:5336: checking whether gcc supports -Wnewline-eof
configure:5344: gcc -c -g -O2 -pipe -ffast-math -Wall -Wextra -Wno-sign-compare -Wno-unused-parameter -Wno-clobbered -Wempty-body -Werror -Wnewline-eof  -DMAXCONN=16384 -I../common -DHAS_TLS conftest.c >&5
cc1: error: unrecognized command line option "-Wnewline-eof"
configure:5344: $? = 1
configure: failed program was:
| /* confdefs.h */
| #define PACKAGE_NAME ""
| #define PACKAGE_TARNAME ""
| #define PACKAGE_VERSION ""
| #define PACKAGE_STRING ""
| #define PACKAGE_BUGREPORT ""
| #define PACKAGE_URL ""
| #define STDC_HEADERS 1
| #define HAVE_SYS_TYPES_H 1
| #define HAVE_SYS_STAT_H 1
| #define HAVE_STDLIB_H 1
| #define HAVE_STRING_H 1
| #define HAVE_MEMORY_H 1
| #define HAVE_STRINGS_H 1
| #define HAVE_INTTYPES_H 1
| #define HAVE_STDINT_H 1
| #define HAVE_UNISTD_H 1
| #define __EXTENSIONS__ 1
| #define _ALL_SOURCE 1
| #define _GNU_SOURCE 1
| #define _POSIX_PTHREAD_SEMANTICS 1
| #define _TANDEM_SOURCE 1
| /* end confdefs.h.  */
| int foo;
configure:5375: result: no
configure:5385: checking whether gcc supports -Wint-conversion
configure:5393: gcc -c -g -O2 -pipe -ffast-math -Wall -Wextra -Wno-sign-compare -Wno-unused-parameter -Wno-clobbered -Wempty-body -Werror -Wint-conversion  -DMAXCONN=16384 -I../common -DHAS_TLS conftest.c >&5
cc1: error: unrecognized command line option "-Wint-conversion"
configure:5393: $? = 1
configure: failed program was:
| /* confdefs.h */
| #define PACKAGE_NAME ""
| #define PACKAGE_TARNAME ""
| #define PACKAGE_VERSION ""
| #define PACKAGE_STRING ""
| #define PACKAGE_BUGREPORT ""
| #define PACKAGE_URL ""
| #define STDC_HEADERS 1
| #define HAVE_SYS_TYPES_H 1
| #define HAVE_SYS_STAT_H 1
| #define HAVE_STDLIB_H 1
| #define HAVE_STRING_H 1
| #define HAVE_MEMORY_H 1
| #define HAVE_STRINGS_H 1
| #define HAVE_INTTYPES_H 1
| #define HAVE_STDINT_H 1
| #define HAVE_UNISTD_H 1
| #define __EXTENSIONS__ 1
| #define _ALL_SOURCE 1
| #define _GNU_SOURCE 1
| #define _POSIX_PTHREAD_SEMANTICS 1
| #define _TANDEM_SOURCE 1
| /* end confdefs.h.  */
| int foo;
configure:5424: result: no
configure:5434: checking whether gcc supports -Wenum-conversion
configure:5442: gcc -c -g -O2 -pipe -ffast-math -Wall -Wextra -Wno-sign-compare -Wno-unused-parameter -Wno-clobbered -Wempty-body -Werror -Wenum-conversion  -DMAXCONN=16384 -I../common -DHAS_TLS conftest.c >&5
cc1: error: unrecognized command line option "-Wenum-conversion"
configure:5442: $? = 1
configure: failed program was:
| /* confdefs.h */
| #define PACKAGE_NAME ""
| #define PACKAGE_TARNAME ""
| #define PACKAGE_VERSION ""
| #define PACKAGE_STRING ""
| #define PACKAGE_BUGREPORT ""
| #define PACKAGE_URL ""
| #define STDC_HEADERS 1
| #define HAVE_SYS_TYPES_H 1
| #define HAVE_SYS_STAT_H 1
| #define HAVE_STDLIB_H 1
| #define HAVE_STRING_H 1
| #define HAVE_MEMORY_H 1
| #define HAVE_STRINGS_H 1
| #define HAVE_INTTYPES_H 1
| #define HAVE_STDINT_H 1
| #define HAVE_UNISTD_H 1
| #define __EXTENSIONS__ 1
| #define _ALL_SOURCE 1
| #define _GNU_SOURCE 1
| #define _POSIX_PTHREAD_SEMANTICS 1
| #define _TANDEM_SOURCE 1
| /* end confdefs.h.  */
| int foo;
configure:5473: result: no
configure:5483: checking whether gcc supports -Wshorten-64-to-32
configure:5491: gcc -c -g -O2 -pipe -ffast-math -Wall -Wextra -Wno-sign-compare -Wno-unused-parameter -Wno-clobbered -Wempty-body -Werror -Wshorten-64-to-32  -DMAXCONN=16384 -I../common -DHAS_TLS conftest.c >&5
cc1: error: unrecognized command line option "-Wshorten-64-to-32"
configure:5491: $? = 1
configure: failed program was:
| /* confdefs.h */
| #define PACKAGE_NAME ""
| #define PACKAGE_TARNAME ""
| #define PACKAGE_VERSION ""
| #define PACKAGE_STRING ""
| #define PACKAGE_BUGREPORT ""
| #define PACKAGE_URL ""
| #define STDC_HEADERS 1
| #define HAVE_SYS_TYPES_H 1
| #define HAVE_SYS_STAT_H 1
| #define HAVE_STDLIB_H 1
| #define HAVE_STRING_H 1
| #define HAVE_MEMORY_H 1
| #define HAVE_STRINGS_H 1
| #define HAVE_INTTYPES_H 1
| #define HAVE_STDINT_H 1
| #define HAVE_UNISTD_H 1
| #define __EXTENSIONS__ 1
| #define _ALL_SOURCE 1
| #define _GNU_SOURCE 1
| #define _POSIX_PTHREAD_SEMANTICS 1
| #define _TANDEM_SOURCE 1
| /* end confdefs.h.  */
| int foo;
configure:5522: result: no
configure:5532: checking whether gcc supports -Wconstant-conversion
configure:5540: gcc -c -g -O2 -pipe -ffast-math -Wall -Wextra -Wno-sign-compare -Wno-unused-parameter -Wno-clobbered -Wempty-body -Werror -Wconstant-conversion  -DMAXCONN=16384 -I../common -DHAS_TLS conftest.c >&5
cc1: error: unrecognized command line option "-Wconstant-conversion"
configure:5540: $? = 1
configure: failed program was:
| /* confdefs.h */
| #define PACKAGE_NAME ""
| #define PACKAGE_TARNAME ""
| #define PACKAGE_VERSION ""
| #define PACKAGE_STRING ""
| #define PACKAGE_BUGREPORT ""
| #define PACKAGE_URL ""
| #define STDC_HEADERS 1
| #define HAVE_SYS_TYPES_H 1
| #define HAVE_SYS_STAT_H 1
| #define HAVE_STDLIB_H 1
| #define HAVE_STRING_H 1
| #define HAVE_MEMORY_H 1
| #define HAVE_STRINGS_H 1
| #define HAVE_INTTYPES_H 1
| #define HAVE_STDINT_H 1
| #define HAVE_UNISTD_H 1
| #define __EXTENSIONS__ 1
| #define _ALL_SOURCE 1
| #define _GNU_SOURCE 1
| #define _POSIX_PTHREAD_SEMANTICS 1
| #define _TANDEM_SOURCE 1
| /* end confdefs.h.  */
| int foo;
configure:5571: result: no
configure:5581: checking whether gcc supports -Wbool-conversion
configure:5589: gcc -c -g -O2 -pipe -ffast-math -Wall -Wextra -Wno-sign-compare -Wno-unused-parameter -Wno-clobbered -Wempty-body -Werror -Wbool-conversion  -DMAXCONN=16384 -I../common -DHAS_TLS conftest.c >&5
cc1: error: unrecognized command line option "-Wbool-conversion"
configure:5589: $? = 1
configure: failed program was:
| /* confdefs.h */
| #define PACKAGE_NAME ""
| #define PACKAGE_TARNAME ""
| #define PACKAGE_VERSION ""
| #define PACKAGE_STRING ""
| #define PACKAGE_BUGREPORT ""
| #define PACKAGE_URL ""
| #define STDC_HEADERS 1
| #define HAVE_SYS_TYPES_H 1
| #define HAVE_SYS_STAT_H 1
| #define HAVE_STDLIB_H 1
| #define HAVE_STRING_H 1
| #define HAVE_MEMORY_H 1
| #define HAVE_STRINGS_H 1
| #define HAVE_INTTYPES_H 1
| #define HAVE_STDINT_H 1
| #define HAVE_UNISTD_H 1
| #define __EXTENSIONS__ 1
| #define _ALL_SOURCE 1
| #define _GNU_SOURCE 1
| #define _POSIX_PTHREAD_SEMANTICS 1
| #define _TANDEM_SOURCE 1
| /* end confdefs.h.  */
| int foo;
configure:5620: result: no
configure:5630: checking whether gcc supports -Wformat-security
configure:5638: gcc -c -g -O2 -pipe -ffast-math -Wall -Wextra -Wno-sign-compare -Wno-unused-parameter -Wno-clobbered -Wempty-body -Werror -Wformat-security  -DMAXCONN=16384 -I../common -DHAS_TLS conftest.c >&5
configure:5638: $? = 0
configure:5640: result: yes
configure:5679: checking whether gcc supports -Wno-format-nonliteral
configure:5687: gcc -c -g -O2 -pipe -ffast-math -Wall -Wextra -Wno-sign-compare -Wno-unused-parameter -Wno-clobbered -Wempty-body -Wformat-security -Werror -Wno-format-nonliteral  -DMAXCONN=16384 -I../common -DHAS_TLS conftest.c >&5
configure:5687: $? = 0
configure:5697: gcc -c -g -O2 -pipe -ffast-math -Wall -Wextra -Wno-sign-compare -Wno-unused-parameter -Wno-clobbered -Wempty-body -Wformat-security -Werror -Wformat-nonliteral  -DMAXCONN=16384 -I../common -DHAS_TLS conftest.c >&5
configure:5697: $? = 0
configure:5699: result: yes
configure:5767: checking whether gcc supports -Wno-switch
configure:5775: gcc -c -g -O2 -pipe -ffast-math -Wall -Wextra -Wno-sign-compare -Wno-unused-parameter -Wno-clobbered -Wempty-body -Wformat-security -Wno-format-nonliteral -Werror -Wno-switch  -DMAXCONN=16384 -I../common -DHAS_TLS conftest.c >&5
configure:5775: $? = 0
configure:5785: gcc -c -g -O2 -pipe -ffast-math -Wall -Wextra -Wno-sign-compare -Wno-unused-parameter -Wno-clobbered -Wempty-body -Wformat-security -Wno-format-nonliteral -Werror -Wswitch  -DMAXCONN=16384 -I../common -DHAS_TLS conftest.c >&5
configure:5785: $? = 0
configure:5787: result: yes
configure:5855: checking whether gcc supports -Wno-missing-field-initializers
configure:5863: gcc -c -g -O2 -pipe -ffast-math -Wall -Wextra -Wno-sign-compare -Wno-unused-parameter -Wno-clobbered -Wempty-body -Wformat-security -Wno-format-nonliteral -Wno-switch -Werror -Wno-missing-field-initializers  -DMAXCONN=16384 -I../common -DHAS_TLS conftest.c >&5
configure:5863: $? = 0
configure:5873: gcc -c -g -O2 -pipe -ffast-math -Wall -Wextra -Wno-sign-compare -Wno-unused-parameter -Wno-clobbered -Wempty-body -Wformat-security -Wno-format-nonliteral -Wno-switch -Werror -Wmissing-field-initializers  -DMAXCONN=16384 -I../common -DHAS_TLS conftest.c >&5
configure:5873: $? = 0
configure:5875: result: yes
configure:5948: checking whether gcc supports -Wshadow
configure:5956: gcc -c -g -O2 -pipe -ffast-math -Wall -Wextra -Wno-sign-compare -Wno-unused-parameter -Wno-clobbered -Wempty-body -Wformat-security -Wno-format-nonliteral -Wno-switch -Wno-missing-field-initializers -Werror -Wshadow  -DMAXCONN=16384 -I../common -DHAS_TLS conftest.c >&5
configure:5956: $? = 0
configure:5958: result: yes
configure:5997: checking whether gcc can efficiently use -Wshadow
configure:6013: gcc -c -g -O2 -pipe -ffast-math -Wall -Wextra -Wno-sign-compare -Wno-unused-parameter -Wno-clobbered -Wempty-body -Wformat-security -Wno-format-nonliteral -Wno-switch -Wno-missing-field-initializers -Wshadow -Werror -Wshadow  -DMAXCONN=16384 -I../common -DHAS_TLS conftest.c >&5
cc1: warnings being treated as errors
conftest.c: In function 'bar':
conftest.c:29: error: declaration of 'foo' shadows a global declaration
conftest.c:25: error: shadowed declaration is here
configure:6013: $? = 1
configure: failed program was:
| /* confdefs.h */
| #define PACKAGE_NAME ""
| #define PACKAGE_TARNAME ""
| #define PACKAGE_VERSION ""
| #define PACKAGE_STRING ""
| #define PACKAGE_BUGREPORT ""
| #define PACKAGE_URL ""
| #define STDC_HEADERS 1
| #define HAVE_SYS_TYPES_H 1
| #define HAVE_SYS_STAT_H 1
| #define HAVE_STDLIB_H 1
| #define HAVE_STRING_H 1
| #define HAVE_MEMORY_H 1
| #define HAVE_STRINGS_H 1
| #define HAVE_INTTYPES_H 1
| #define HAVE_STDINT_H 1
| #define HAVE_UNISTD_H 1
| #define __EXTENSIONS__ 1
| #define _ALL_SOURCE 1
| #define _GNU_SOURCE 1
| #define _POSIX_PTHREAD_SEMANTICS 1
| #define _TANDEM_SOURCE 1
| /* end confdefs.h.  */
| 
| 			int foo(void) {
| 				return 0;
| 			}
| 			int bar(void) {
| 				int foo = 0;
| 				return foo + 1;
| 			}
| 
configure:6021: result: no
configure:6030: checking whether gcc supports -fPIC
configure:6038: gcc -c -g -O2 -pipe -ffast-math -Wall -Wextra -Wno-sign-compare -Wno-unused-parameter -Wno-clobbered -Wempty-body -Wformat-security -Wno-format-nonliteral -Wno-switch -Wno-missing-field-initializers -fPIC  -DMAXCONN=16384 -I../common -DHAS_TLS conftest.c >&5
configure:6038: $? = 0
configure:6040: result: yes
configure:6058: checking how to make shared objects
configure:6079: gcc -o conftest -g -O2 -pipe -ffast-math -Wall -Wextra -Wno-sign-compare -Wno-unused-parameter -Wno-clobbered -Wempty-body -Wformat-security -Wno-format-nonliteral -Wno-switch -Wno-missing-field-initializers -fPIC -shared  -DMAXCONN=16384 -I../common -DHAS_TLS  conftest.c  >&5
configure:6079: $? = 0
configure:6101: gcc -o conftest -g -O2 -pipe -ffast-math -Wall -Wextra -Wno-sign-compare -Wno-unused-parameter -Wno-clobbered -Wempty-body -Wformat-security -Wno-format-nonliteral -Wno-switch -Wno-missing-field-initializers -fPIC -nostart  -DMAXCONN=16384 -I../common -DHAS_TLS  conftest.c  >&5
gcc: unrecognized option '-nostart'
/usr/lib/gcc/x86_64-redhat-linux/4.4.7/../../../../lib64/crt1.o: In function `_start':
(.text+0x20): undefined reference to `main'
collect2: ld returned 1 exit status
configure:6101: $? = 1
configure: failed program was:
| /* confdefs.h */
| #define PACKAGE_NAME ""
| #define PACKAGE_TARNAME ""
| #define PACKAGE_VERSION ""
| #define PACKAGE_STRING ""
| #define PACKAGE_BUGREPORT ""
| #define PACKAGE_URL ""
| #define STDC_HEADERS 1
| #define HAVE_SYS_TYPES_H 1
| #define HAVE_SYS_STAT_H 1
| #define HAVE_STDLIB_H 1
| #define HAVE_STRING_H 1
| #define HAVE_MEMORY_H 1
| #define HAVE_STRINGS_H 1
| #define HAVE_INTTYPES_H 1
| #define HAVE_STDINT_H 1
| #define HAVE_UNISTD_H 1
| #define __EXTENSIONS__ 1
| #define _ALL_SOURCE 1
| #define _GNU_SOURCE 1
| #define _POSIX_PTHREAD_SEMANTICS 1
| #define _TANDEM_SOURCE 1
| /* end confdefs.h.  */
| 
| 		int bar = 0;
| 
| 		int foo(void)
| 		{
| 			return bar;
| 		}
| 
configure:6118: result: -shared yes
configure:6127: checking whether gcc needs -Wl,--no-undefined to check for undefined references in shared objects
configure:6139: gcc -o conftest  -shared  -DMAXCONN=16384 -I../common -DHAS_TLS  conftest.c  >&5
/usr/bin/ld: /tmp/ccDiETkj.o: relocation R_X86_64_PC32 against undefined symbol `foobar' can not be used when making a shared object; recompile with -fPIC
/usr/bin/ld: final link failed: Bad value
collect2: ld returned 1 exit status
configure:6139: $? = 1
configure: failed program was:
| /* confdefs.h */
| #define PACKAGE_NAME ""
| #define PACKAGE_TARNAME ""
| #define PACKAGE_VERSION ""
| #define PACKAGE_STRING ""
| #define PACKAGE_BUGREPORT ""
| #define PACKAGE_URL ""
| #define STDC_HEADERS 1
| #define HAVE_SYS_TYPES_H 1
| #define HAVE_SYS_STAT_H 1
| #define HAVE_STDLIB_H 1
| #define HAVE_STRING_H 1
| #define HAVE_MEMORY_H 1
| #define HAVE_STRINGS_H 1
| #define HAVE_INTTYPES_H 1
| #define HAVE_STDINT_H 1
| #define HAVE_UNISTD_H 1
| #define __EXTENSIONS__ 1
| #define _ALL_SOURCE 1
| #define _GNU_SOURCE 1
| #define _POSIX_PTHREAD_SEMANTICS 1
| #define _TANDEM_SOURCE 1
| /* end confdefs.h.  */
| 
| 			void foo(void) {
| 				foobar();
| 			}
| 
configure:6170: result: no
configure:6183: checking whether gcc needs -fPIC for shared objects
configure:6199: gcc -o conftest -g -O2 -pipe -ffast-math -Wall -Wextra -Wno-sign-compare -Wno-unused-parameter -Wno-clobbered -Wempty-body -Wformat-security -Wno-format-nonliteral -Wno-switch -Wno-missing-field-initializers  -shared  -DMAXCONN=16384 -I../common -DHAS_TLS  conftest.c  >&5
/usr/bin/ld: /tmp/cc4c1X0N.o: relocation R_X86_64_PC32 against symbol `bar' can not be used when making a shared object; recompile with -fPIC
/usr/bin/ld: final link failed: Bad value
collect2: ld returned 1 exit status
configure:6199: $? = 1
configure: failed program was:
| /* confdefs.h */
| #define PACKAGE_NAME ""
| #define PACKAGE_TARNAME ""
| #define PACKAGE_VERSION ""
| #define PACKAGE_STRING ""
| #define PACKAGE_BUGREPORT ""
| #define PACKAGE_URL ""
| #define STDC_HEADERS 1
| #define HAVE_SYS_TYPES_H 1
| #define HAVE_SYS_STAT_H 1
| #define HAVE_STDLIB_H 1
| #define HAVE_STRING_H 1
| #define HAVE_MEMORY_H 1
| #define HAVE_STRINGS_H 1
| #define HAVE_INTTYPES_H 1
| #define HAVE_STDINT_H 1
| #define HAVE_UNISTD_H 1
| #define __EXTENSIONS__ 1
| #define _ALL_SOURCE 1
| #define _GNU_SOURCE 1
| #define _POSIX_PTHREAD_SEMANTICS 1
| #define _TANDEM_SOURCE 1
| /* end confdefs.h.  */
| 
| 			int bar = 0;
| 
| 			int foo(void)
| 			{
| 				return bar;
| 			}
| 
configure:6221: gcc -o conftest -g -O2 -pipe -ffast-math -Wall -Wextra -Wno-sign-compare -Wno-unused-parameter -Wno-clobbered -Wempty-body -Wformat-security -Wno-format-nonliteral -Wno-switch -Wno-missing-field-initializers  -shared -fPIC  -DMAXCONN=16384 -I../common -DHAS_TLS  conftest.c  >&5
configure:6221: $? = 0
configure:6223: result: yes
configure:6259: checking whether gcc supports -fno-strict-aliasing
configure:6267: gcc -c -g -O2 -pipe -ffast-math -Wall -Wextra -Wno-sign-compare -Wno-unused-parameter -Wno-clobbered -Wempty-body -Wformat-security -Wno-format-nonliteral -Wno-switch -Wno-missing-field-initializers -fPIC -fno-strict-aliasing  -DMAXCONN=16384 -I../common -DHAS_TLS conftest.c >&5
configure:6267: $? = 0
configure:6268: result: yes
configure:6289: checking for setrlimit
configure:6289: gcc -o conftest -g -O2 -pipe -ffast-math -Wall -Wextra -Wno-sign-compare -Wno-unused-parameter -Wno-clobbered -Wempty-body -Wformat-security -Wno-format-nonliteral -Wno-switch -Wno-missing-field-initializers -fPIC -fno-strict-aliasing  -DMAXCONN=16384 -I../common -DHAS_TLS  conftest.c  >&5
configure:6289: $? = 0
configure:6289: result: yes
configure:6299: checking for strnlen
configure:6299: gcc -o conftest -g -O2 -pipe -ffast-math -Wall -Wextra -Wno-sign-compare -Wno-unused-parameter -Wno-clobbered -Wempty-body -Wformat-security -Wno-format-nonliteral -Wno-switch -Wno-missing-field-initializers -fPIC -fno-strict-aliasing  -DMAXCONN=16384 -I../common -DHAS_TLS -DHAVE_SETRLIMIT  conftest.c  >&5
configure:6299: $? = 0
configure:6299: result: yes
configure:6308: checking for uselocale
configure:6308: gcc -o conftest -g -O2 -pipe -ffast-math -Wall -Wextra -Wno-sign-compare -Wno-unused-parameter -Wno-clobbered -Wempty-body -Wformat-security -Wno-format-nonliteral -Wno-switch -Wno-missing-field-initializers -fPIC -fno-strict-aliasing  -DMAXCONN=16384 -I../common -DHAS_TLS -DHAVE_SETRLIMIT -DHAVE_STRNLEN  conftest.c  >&5
configure:6308: $? = 0
configure:6308: result: yes
configure:6319: checking for newlocale
configure:6319: gcc -o conftest -g -O2 -pipe -ffast-math -Wall -Wextra -Wno-sign-compare -Wno-unused-parameter -Wno-clobbered -Wempty-body -Wformat-security -Wno-format-nonliteral -Wno-switch -Wno-missing-field-initializers -fPIC -fno-strict-aliasing  -DMAXCONN=16384 -I../common -DHAS_TLS -DHAVE_SETRLIMIT -DHAVE_STRNLEN  conftest.c  >&5
configure:6319: $? = 0
configure:6319: result: yes
configure:6330: checking for freelocale
configure:6330: gcc -o conftest -g -O2 -pipe -ffast-math -Wall -Wextra -Wno-sign-compare -Wno-unused-parameter -Wno-clobbered -Wempty-body -Wformat-security -Wno-format-nonliteral -Wno-switch -Wno-missing-field-initializers -fPIC -fno-strict-aliasing  -DMAXCONN=16384 -I../common -DHAS_TLS -DHAVE_SETRLIMIT -DHAVE_STRNLEN  conftest.c  >&5
configure:6330: $? = 0
configure:6330: result: yes
configure:6341: checking xlocale.h usability
configure:6341: gcc -c -g -O2 -pipe -ffast-math -Wall -Wextra -Wno-sign-compare -Wno-unused-parameter -Wno-clobbered -Wempty-body -Wformat-security -Wno-format-nonliteral -Wno-switch -Wno-missing-field-initializers -fPIC -fno-strict-aliasing  -DMAXCONN=16384 -I../common -DHAS_TLS -DHAVE_SETRLIMIT -DHAVE_STRNLEN conftest.c >&5
configure:6341: $? = 0
configure:6341: result: yes
configure:6341: checking xlocale.h presence
configure:6341: gcc -E  -DMAXCONN=16384 -I../common -DHAS_TLS -DHAVE_SETRLIMIT -DHAVE_STRNLEN conftest.c
configure:6341: $? = 0
configure:6341: result: yes
configure:6341: checking for xlocale.h
configure:6341: result: yes
configure:6500: checking host OS
configure:6503: result: Linux
configure:6531: checking for MinGW
configure:6542: result: no
configure:6555: checking for library containing inflateEnd
configure:6586: gcc -o conftest -g -O2 -pipe -ffast-math -Wall -Wextra -Wno-sign-compare -Wno-unused-parameter -Wno-clobbered -Wempty-body -Wformat-security -Wno-format-nonliteral -Wno-switch -Wno-missing-field-initializers -fPIC -fno-strict-aliasing -ggdb  -DMAXCONN=16384 -I../common -DHAS_TLS -DHAVE_SETRLIMIT -DHAVE_STRNLEN -DDEBUG -I/usr/include  -L/usr/lib conftest.c  -ldl >&5
/tmp/ccPEG448.o: In function `main':
/root/Desktop/Hercules/conftest.c:39: undefined reference to `inflateEnd'
collect2: ld returned 1 exit status
configure:6586: $? = 1
configure: failed program was:
| /* confdefs.h */
| #define PACKAGE_NAME ""
| #define PACKAGE_TARNAME ""
| #define PACKAGE_VERSION ""
| #define PACKAGE_STRING ""
| #define PACKAGE_BUGREPORT ""
| #define PACKAGE_URL ""
| #define STDC_HEADERS 1
| #define HAVE_SYS_TYPES_H 1
| #define HAVE_SYS_STAT_H 1
| #define HAVE_STDLIB_H 1
| #define HAVE_STRING_H 1
| #define HAVE_MEMORY_H 1
| #define HAVE_STRINGS_H 1
| #define HAVE_INTTYPES_H 1
| #define HAVE_STDINT_H 1
| #define HAVE_UNISTD_H 1
| #define __EXTENSIONS__ 1
| #define _ALL_SOURCE 1
| #define _GNU_SOURCE 1
| #define _POSIX_PTHREAD_SEMANTICS 1
| #define _TANDEM_SOURCE 1
| #define HAVE_USELOCALE 1
| #define HAVE_NEWLOCALE 1
| #define HAVE_FREELOCALE 1
| #define HAVE_XLOCALE_H 1
| /* end confdefs.h.  */
| 
| /* Override any GCC internal prototype to avoid an error.
|    Use char because int might match the return type of a GCC
|    builtin and then its argument prototype would still apply.  */
| #ifdef __cplusplus
| extern "C"
| #endif
| char inflateEnd ();
| int
| main ()
| {
| return inflateEnd ();
|   ;
|   return 0;
| }
configure:6586: gcc -o conftest -g -O2 -pipe -ffast-math -Wall -Wextra -Wno-sign-compare -Wno-unused-parameter -Wno-clobbered -Wempty-body -Wformat-security -Wno-format-nonliteral -Wno-switch -Wno-missing-field-initializers -fPIC -fno-strict-aliasing -ggdb  -DMAXCONN=16384 -I../common -DHAS_TLS -DHAVE_SETRLIMIT -DHAVE_STRNLEN -DDEBUG -I/usr/include  -L/usr/lib conftest.c -lz   -ldl >&5
configure:6586: $? = 0
configure:6603: result: -lz
configure:6613: checking zlib.h usability
configure:6613: gcc -c -g -O2 -pipe -ffast-math -Wall -Wextra -Wno-sign-compare -Wno-unused-parameter -Wno-clobbered -Wempty-body -Wformat-security -Wno-format-nonliteral -Wno-switch -Wno-missing-field-initializers -fPIC -fno-strict-aliasing -ggdb  -DMAXCONN=16384 -I../common -DHAS_TLS -DHAVE_SETRLIMIT -DHAVE_STRNLEN -DDEBUG -I/usr/include conftest.c >&5
configure:6613: $? = 0
configure:6613: result: yes
configure:6613: checking zlib.h presence
configure:6613: gcc -E  -DMAXCONN=16384 -I../common -DHAS_TLS -DHAVE_SETRLIMIT -DHAVE_STRNLEN -DDEBUG -I/usr/include conftest.c
configure:6613: $? = 0
configure:6613: result: yes
configure:6613: checking for zlib.h
configure:6613: result: yes
configure:6626: checking for library containing sqrt
configure:6657: gcc -o conftest -g -O2 -pipe -ffast-math -Wall -Wextra -Wno-sign-compare -Wno-unused-parameter -Wno-clobbered -Wempty-body -Wformat-security -Wno-format-nonliteral -Wno-switch -Wno-missing-field-initializers -fPIC -fno-strict-aliasing -ggdb  -DMAXCONN=16384 -I../common -DHAS_TLS -DHAVE_SETRLIMIT -DHAVE_STRNLEN -DDEBUG -I/usr/include  -L/usr/lib conftest.c -lz  -ldl >&5
conftest.c:35: warning: conflicting types for built-in function 'sqrt'
/tmp/ccJrGewj.o: In function `main':
/root/Desktop/Hercules/conftest.c:39: undefined reference to `sqrt'
collect2: ld returned 1 exit status
configure:6657: $? = 1
configure: failed program was:
| /* confdefs.h */
| #define PACKAGE_NAME ""
| #define PACKAGE_TARNAME ""
| #define PACKAGE_VERSION ""
| #define PACKAGE_STRING ""
| #define PACKAGE_BUGREPORT ""
| #define PACKAGE_URL ""
| #define STDC_HEADERS 1
| #define HAVE_SYS_TYPES_H 1
| #define HAVE_SYS_STAT_H 1
| #define HAVE_STDLIB_H 1
| #define HAVE_STRING_H 1
| #define HAVE_MEMORY_H 1
| #define HAVE_STRINGS_H 1
| #define HAVE_INTTYPES_H 1
| #define HAVE_STDINT_H 1
| #define HAVE_UNISTD_H 1
| #define __EXTENSIONS__ 1
| #define _ALL_SOURCE 1
| #define _GNU_SOURCE 1
| #define _POSIX_PTHREAD_SEMANTICS 1
| #define _TANDEM_SOURCE 1
| #define HAVE_USELOCALE 1
| #define HAVE_NEWLOCALE 1
| #define HAVE_FREELOCALE 1
| #define HAVE_XLOCALE_H 1
| /* end confdefs.h.  */
| 
| /* Override any GCC internal prototype to avoid an error.
|    Use char because int might match the return type of a GCC
|    builtin and then its argument prototype would still apply.  */
| #ifdef __cplusplus
| extern "C"
| #endif
| char sqrt ();
| int
| main ()
| {
| return sqrt ();
|   ;
|   return 0;
| }
configure:6657: gcc -o conftest -g -O2 -pipe -ffast-math -Wall -Wextra -Wno-sign-compare -Wno-unused-parameter -Wno-clobbered -Wempty-body -Wformat-security -Wno-format-nonliteral -Wno-switch -Wno-missing-field-initializers -fPIC -fno-strict-aliasing -ggdb  -DMAXCONN=16384 -I../common -DHAS_TLS -DHAVE_SETRLIMIT -DHAVE_STRNLEN -DDEBUG -I/usr/include  -L/usr/lib conftest.c -lm  -lz  -ldl >&5
conftest.c:35: warning: conflicting types for built-in function 'sqrt'
configure:6657: $? = 0
configure:6674: result: -lm
configure:6689: checking for library containing clock_gettime
configure:6720: gcc -o conftest -g -O2 -pipe -ffast-math -Wall -Wextra -Wno-sign-compare -Wno-unused-parameter -Wno-clobbered -Wempty-body -Wformat-security -Wno-format-nonliteral -Wno-switch -Wno-missing-field-initializers -fPIC -fno-strict-aliasing -ggdb  -DMAXCONN=16384 -I../common -DHAS_TLS -DHAVE_SETRLIMIT -DHAVE_STRNLEN -DDEBUG -I/usr/include  -L/usr/lib conftest.c -lm -lz  -ldl >&5
/tmp/cc2LY9In.o: In function `main':
/root/Desktop/Hercules/conftest.c:39: undefined reference to `clock_gettime'
collect2: ld returned 1 exit status
configure:6720: $? = 1
configure: failed program was:
| /* confdefs.h */
| #define PACKAGE_NAME ""
| #define PACKAGE_TARNAME ""
| #define PACKAGE_VERSION ""
| #define PACKAGE_STRING ""
| #define PACKAGE_BUGREPORT ""
| #define PACKAGE_URL ""
| #define STDC_HEADERS 1
| #define HAVE_SYS_TYPES_H 1
| #define HAVE_SYS_STAT_H 1
| #define HAVE_STDLIB_H 1
| #define HAVE_STRING_H 1
| #define HAVE_MEMORY_H 1
| #define HAVE_STRINGS_H 1
| #define HAVE_INTTYPES_H 1
| #define HAVE_STDINT_H 1
| #define HAVE_UNISTD_H 1
| #define __EXTENSIONS__ 1
| #define _ALL_SOURCE 1
| #define _GNU_SOURCE 1
| #define _POSIX_PTHREAD_SEMANTICS 1
| #define _TANDEM_SOURCE 1
| #define HAVE_USELOCALE 1
| #define HAVE_NEWLOCALE 1
| #define HAVE_FREELOCALE 1
| #define HAVE_XLOCALE_H 1
| /* end confdefs.h.  */
| 
| /* Override any GCC internal prototype to avoid an error.
|    Use char because int might match the return type of a GCC
|    builtin and then its argument prototype would still apply.  */
| #ifdef __cplusplus
| extern "C"
| #endif
| char clock_gettime ();
| int
| main ()
| {
| return clock_gettime ();
|   ;
|   return 0;
| }
configure:6720: gcc -o conftest -g -O2 -pipe -ffast-math -Wall -Wextra -Wno-sign-compare -Wno-unused-parameter -Wno-clobbered -Wempty-body -Wformat-security -Wno-format-nonliteral -Wno-switch -Wno-missing-field-initializers -fPIC -fno-strict-aliasing -ggdb  -DMAXCONN=16384 -I../common -DHAS_TLS -DHAVE_SETRLIMIT -DHAVE_STRNLEN -DDEBUG -I/usr/include  -L/usr/lib conftest.c -lrt  -lm -lz  -ldl >&5
configure:6720: $? = 0
configure:6737: result: -lrt
configure:6756: checking whether CLOCK_MONOTONIC is supported and works
configure:6779: gcc -o conftest -g -O2 -pipe -ffast-math -Wall -Wextra -Wno-sign-compare -Wno-unused-parameter -Wno-clobbered -Wempty-body -Wformat-security -Wno-format-nonliteral -Wno-switch -Wno-missing-field-initializers -fPIC -fno-strict-aliasing -ggdb  -DMAXCONN=16384 -I../common -DHAS_TLS -DHAVE_SETRLIMIT -DHAVE_STRNLEN -DDEBUG -I/usr/include  -L/usr/lib conftest.c -lrt -lm -lz  -ldl >&5
configure:6779: $? = 0
configure:6779: ./conftest
configure:6779: $? = 0
configure:6781: result: yes
configure:6803: checking for library containing pthread_create
configure:6834: gcc -o conftest -g -O2 -pipe -ffast-math -Wall -Wextra -Wno-sign-compare -Wno-unused-parameter -Wno-clobbered -Wempty-body -Wformat-security -Wno-format-nonliteral -Wno-switch -Wno-missing-field-initializers -fPIC -fno-strict-aliasing -ggdb  -DMAXCONN=16384 -I../common -DHAS_TLS -DHAVE_SETRLIMIT -DHAVE_STRNLEN -DDEBUG -I/usr/include -DHAVE_MONOTONIC_CLOCK  -L/usr/lib conftest.c -lrt -lm -lz  -ldl >&5
configure:6834: $? = 0
configure:6851: result: none required
configure:6861: checking for library containing pthread_sigmask
configure:6892: gcc -o conftest -g -O2 -pipe -ffast-math -Wall -Wextra -Wno-sign-compare -Wno-unused-parameter -Wno-clobbered -Wempty-body -Wformat-security -Wno-format-nonliteral -Wno-switch -Wno-missing-field-initializers -fPIC -fno-strict-aliasing -ggdb  -DMAXCONN=16384 -I../common -DHAS_TLS -DHAVE_SETRLIMIT -DHAVE_STRNLEN -DDEBUG -I/usr/include -DHAVE_MONOTONIC_CLOCK  -L/usr/lib conftest.c -lrt -lm -lz  -ldl >&5
configure:6892: $? = 0
configure:6909: result: none required
configure:6919: checking for library containing pthread_attr_init
configure:6950: gcc -o conftest -g -O2 -pipe -ffast-math -Wall -Wextra -Wno-sign-compare -Wno-unused-parameter -Wno-clobbered -Wempty-body -Wformat-security -Wno-format-nonliteral -Wno-switch -Wno-missing-field-initializers -fPIC -fno-strict-aliasing -ggdb  -DMAXCONN=16384 -I../common -DHAS_TLS -DHAVE_SETRLIMIT -DHAVE_STRNLEN -DDEBUG -I/usr/include -DHAVE_MONOTONIC_CLOCK  -L/usr/lib conftest.c -lrt -lm -lz  -ldl >&5
configure:6950: $? = 0
configure:6967: result: none required
configure:6977: checking for library containing pthread_attr_setstacksize
configure:7008: gcc -o conftest -g -O2 -pipe -ffast-math -Wall -Wextra -Wno-sign-compare -Wno-unused-parameter -Wno-clobbered -Wempty-body -Wformat-security -Wno-format-nonliteral -Wno-switch -Wno-missing-field-initializers -fPIC -fno-strict-aliasing -ggdb  -DMAXCONN=16384 -I../common -DHAS_TLS -DHAVE_SETRLIMIT -DHAVE_STRNLEN -DDEBUG -I/usr/include -DHAVE_MONOTONIC_CLOCK  -L/usr/lib conftest.c -lrt -lm -lz  -ldl >&5
configure:7008: $? = 0
configure:7025: result: none required
configure:7035: checking for library containing pthread_attr_destroy
configure:7066: gcc -o conftest -g -O2 -pipe -ffast-math -Wall -Wextra -Wno-sign-compare -Wno-unused-parameter -Wno-clobbered -Wempty-body -Wformat-security -Wno-format-nonliteral -Wno-switch -Wno-missing-field-initializers -fPIC -fno-strict-aliasing -ggdb  -DMAXCONN=16384 -I../common -DHAS_TLS -DHAVE_SETRLIMIT -DHAVE_STRNLEN -DDEBUG -I/usr/include -DHAVE_MONOTONIC_CLOCK  -L/usr/lib conftest.c -lrt -lm -lz  -ldl >&5
configure:7066: $? = 0
configure:7083: result: none required
configure:7093: checking for library containing pthread_cancel
configure:7124: gcc -o conftest -g -O2 -pipe -ffast-math -Wall -Wextra -Wno-sign-compare -Wno-unused-parameter -Wno-clobbered -Wempty-body -Wformat-security -Wno-format-nonliteral -Wno-switch -Wno-missing-field-initializers -fPIC -fno-strict-aliasing -ggdb  -DMAXCONN=16384 -I../common -DHAS_TLS -DHAVE_SETRLIMIT -DHAVE_STRNLEN -DDEBUG -I/usr/include -DHAVE_MONOTONIC_CLOCK  -L/usr/lib conftest.c -lrt -lm -lz  -ldl >&5
configure:7124: $? = 0
configure:7141: result: none required
configure:7151: checking for library containing pthread_join
configure:7182: gcc -o conftest -g -O2 -pipe -ffast-math -Wall -Wextra -Wno-sign-compare -Wno-unused-parameter -Wno-clobbered -Wempty-body -Wformat-security -Wno-format-nonliteral -Wno-switch -Wno-missing-field-initializers -fPIC -fno-strict-aliasing -ggdb  -DMAXCONN=16384 -I../common -DHAS_TLS -DHAVE_SETRLIMIT -DHAVE_STRNLEN -DDEBUG -I/usr/include -DHAVE_MONOTONIC_CLOCK  -L/usr/lib conftest.c -lrt -lm -lz  -ldl >&5
configure:7182: $? = 0
configure:7199: result: none required
configure:7218: checking for mysql_config
configure:7236: found /usr/bin/mysql_config
configure:7249: result: /usr/bin/mysql_config
configure:7273: checking for mysql_init
configure:7273: gcc -o conftest -g -O2 -pipe -ffast-math -Wall -Wextra -Wno-sign-compare -Wno-unused-parameter -Wno-clobbered -Wempty-body -Wformat-security -Wno-format-nonliteral -Wno-switch -Wno-missing-field-initializers -fPIC -fno-strict-aliasing -ggdb  -DMAXCONN=16384 -I../common -DHAS_TLS -DHAVE_SETRLIMIT -DHAVE_STRNLEN -DDEBUG -I/usr/include -DHAVE_MONOTONIC_CLOCK -I/usr/include/mysql  -L/usr/lib conftest.c -lrt -lm -lz  -ldl -rdynamic -L/usr/lib64/mysql -lmysqlclient -lz -lcrypt -lnsl -lm -lssl -lcrypto >&5
configure:7273: $? = 0
configure:7273: result: yes
configure:7278: checking mysql.h usability
configure:7278: gcc -c -g -O2 -pipe -ffast-math -Wall -Wextra -Wno-sign-compare -Wno-unused-parameter -Wno-clobbered -Wempty-body -Wformat-security -Wno-format-nonliteral -Wno-switch -Wno-missing-field-initializers -fPIC -fno-strict-aliasing -ggdb  -DMAXCONN=16384 -I../common -DHAS_TLS -DHAVE_SETRLIMIT -DHAVE_STRNLEN -DDEBUG -I/usr/include -DHAVE_MONOTONIC_CLOCK -I/usr/include/mysql conftest.c >&5
configure:7278: $? = 0
configure:7278: result: yes
configure:7278: checking mysql.h presence
configure:7278: gcc -E  -DMAXCONN=16384 -I../common -DHAS_TLS -DHAVE_SETRLIMIT -DHAVE_STRNLEN -DDEBUG -I/usr/include -DHAVE_MONOTONIC_CLOCK -I/usr/include/mysql conftest.c
configure:7278: $? = 0
configure:7278: result: yes
configure:7278: checking for mysql.h
configure:7278: result: yes
configure:7289: checking MySQL library (required)
configure:7292: result: yes (5.1.73)
configure:7318: checking for pcre_study in -lpcre
configure:7343: gcc -o conftest -g -O2 -pipe -ffast-math -Wall -Wextra -Wno-sign-compare -Wno-unused-parameter -Wno-clobbered -Wempty-body -Wformat-security -Wno-format-nonliteral -Wno-switch -Wno-missing-field-initializers -fPIC -fno-strict-aliasing -ggdb  -DMAXCONN=16384 -I../common -DHAS_TLS -DHAVE_SETRLIMIT -DHAVE_STRNLEN -DDEBUG -I/usr/include -DHAVE_MONOTONIC_CLOCK  -L/usr/lib conftest.c -lpcre  -lrt -lm -lz  -ldl >&5
configure:7343: $? = 0
configure:7352: result: yes
configure:7411: checking PCRE library (optional)
configure:7414: result: yes
configure:7539: checking for doxygen
configure:7567: result: no
configure:7578: checking for perl
configure:7594: found /usr/bin/perl
configure:7606: result: yes
configure:7767: creating ./config.status

## ---------------------- ##
## Running config.status. ##
## ---------------------- ##

This file was extended by config.status, which was
generated by GNU Autoconf 2.69.  Invocation command line was

  CONFIG_FILES    = 
  CONFIG_HEADERS  = 
  CONFIG_LINKS    = 
  CONFIG_COMMANDS = 
  $ ./config.status 

on reinvented

config.status:752: creating Makefile
config.status:752: creating src/common/Makefile
config.status:752: creating 3rdparty/mt19937ar/Makefile
config.status:752: creating 3rdparty/libconfig/Makefile
config.status:752: creating src/char/Makefile
config.status:752: creating src/login/Makefile
config.status:752: creating src/map/Makefile
config.status:752: creating src/plugins/Makefile
config.status:752: creating src/tool/Makefile
config.status:752: creating src/test/Makefile
config.status:752: creating tools/HPMHookGen/Makefile

## ---------------- ##
## Cache variables. ##
## ---------------- ##

ac_cv_c_bigendian=no
ac_cv_c_compiler_gnu=yes
ac_cv_env_CC_set=
ac_cv_env_CC_value=
ac_cv_env_CFLAGS_set=
ac_cv_env_CFLAGS_value=
ac_cv_env_CPPFLAGS_set=
ac_cv_env_CPPFLAGS_value=
ac_cv_env_CPP_set=
ac_cv_env_CPP_value=
ac_cv_env_LDFLAGS_set=
ac_cv_env_LDFLAGS_value=
ac_cv_env_LIBS_set=
ac_cv_env_LIBS_value=
ac_cv_env_build_alias_set=
ac_cv_env_build_alias_value=
ac_cv_env_host_alias_set=
ac_cv_env_host_alias_value=
ac_cv_env_target_alias_set=
ac_cv_env_target_alias_value=
ac_cv_func_freelocale=yes
ac_cv_func_mysql_init=yes
ac_cv_func_newlocale=yes
ac_cv_func_setrlimit=yes
ac_cv_func_strnlen=yes
ac_cv_func_uselocale=yes
ac_cv_header_inttypes_h=yes
ac_cv_header_memory_h=yes
ac_cv_header_minix_config_h=no
ac_cv_header_mysql_h=yes
ac_cv_header_stdc=yes
ac_cv_header_stdint_h=yes
ac_cv_header_stdlib_h=yes
ac_cv_header_string_h=yes
ac_cv_header_strings_h=yes
ac_cv_header_sys_stat_h=yes
ac_cv_header_sys_types_h=yes
ac_cv_header_unistd_h=yes
ac_cv_header_xlocale_h=yes
ac_cv_header_zlib_h=yes
ac_cv_lib_pcre_pcre_study=yes
ac_cv_objext=o
ac_cv_path_AR=/usr/bin/ar
ac_cv_path_EGREP='/bin/grep -E'
ac_cv_path_GREP=/bin/grep
ac_cv_path_MYSQL_CONFIG_HOME=/usr/bin/mysql_config
ac_cv_prog_CPP='gcc -E'
ac_cv_prog_HAVE_DOXYGEN=no
ac_cv_prog_HAVE_PERL=yes
ac_cv_prog_ac_ct_CC=gcc
ac_cv_prog_cc_c89=
ac_cv_prog_cc_g=yes
ac_cv_prog_make_make_set=yes
ac_cv_safe_to_define___extensions__=yes
ac_cv_search_clock_gettime=-lrt
ac_cv_search_inflateEnd=-lz
ac_cv_search_pthread_attr_destroy='none required'
ac_cv_search_pthread_attr_init='none required'
ac_cv_search_pthread_attr_setstacksize='none required'
ac_cv_search_pthread_cancel='none required'
ac_cv_search_pthread_create='none required'
ac_cv_search_pthread_join='none required'
ac_cv_search_pthread_sigmask='none required'
ac_cv_search_sqrt=-lm

## ----------------- ##
## Output variables. ##
## ----------------- ##

AR='/usr/bin/ar'
CC='gcc'
CFLAGS='-g -O2 -pipe -ffast-math -Wall -Wextra -Wno-sign-compare -Wno-unused-parameter -Wno-clobbered -Wempty-body -Wformat-security -Wno-format-nonliteral -Wno-switch -Wno-missing-field-initializers -fPIC -fno-strict-aliasing -ggdb'
CPP='gcc -E'
CPPFLAGS=' -DMAXCONN=16384 -I../common -DHAS_TLS -DHAVE_SETRLIMIT -DHAVE_STRNLEN -DDEBUG -I/usr/include -DHAVE_MONOTONIC_CLOCK'
DEFS='-DPACKAGE_NAME=\"\" -DPACKAGE_TARNAME=\"\" -DPACKAGE_VERSION=\"\" -DPACKAGE_STRING=\"\" -DPACKAGE_BUGREPORT=\"\" -DPACKAGE_URL=\"\" -DSTDC_HEADERS=1 -DHAVE_SYS_TYPES_H=1 -DHAVE_SYS_STAT_H=1 -DHAVE_STDLIB_H=1 -DHAVE_STRING_H=1 -DHAVE_MEMORY_H=1 -DHAVE_STRINGS_H=1 -DHAVE_INTTYPES_H=1 -DHAVE_STDINT_H=1 -DHAVE_UNISTD_H=1 -D__EXTENSIONS__=1 -D_ALL_SOURCE=1 -D_GNU_SOURCE=1 -D_POSIX_PTHREAD_SEMANTICS=1 -D_TANDEM_SOURCE=1 -DHAVE_USELOCALE=1 -DHAVE_NEWLOCALE=1 -DHAVE_FREELOCALE=1 -DHAVE_XLOCALE_H=1'
DLLEXT='.so'
ECHO_C=''
ECHO_N='-n'
ECHO_T=''
EGREP='/bin/grep -E'
EXEEXT=''
GREP='/bin/grep'
HAVE_DOXYGEN='no'
HAVE_MYSQL='yes'
HAVE_PCRE='yes'
HAVE_PERL='yes'
LDFLAGS=' -L/usr/lib'
LIBOBJS=''
LIBS='-lrt -lm -lz  -ldl'
LTLIBOBJS=''
MYSQL_CFLAGS='-I/usr/include/mysql'
MYSQL_CONFIG_HOME='/usr/bin/mysql_config'
MYSQL_LIBS='-rdynamic -L/usr/lib64/mysql -lmysqlclient -lz -lcrypt -lnsl -lm -lssl -lcrypto'
MYSQL_VERSION='5.1.73'
OBJEXT='o'
PACKAGE_BUGREPORT=''
PACKAGE_NAME=''
PACKAGE_STRING=''
PACKAGE_TARNAME=''
PACKAGE_URL=''
PACKAGE_VERSION=''
PATH_SEPARATOR=':'
PCRE_CFLAGS=''
PCRE_LIBS='-lpcre'
PLUGINSTATIC=''
SET_MAKE=''
SHELL='/bin/sh'
SOFLAGS=' -shared'
STATIC=''
WITH_PLUGINS='yes'
ac_ct_CC='gcc'
bindir='${exec_prefix}/bin'
build_alias=''
datadir='${datarootdir}'
datarootdir='${prefix}/share'
docdir='${datarootdir}/doc/${PACKAGE}'
dvidir='${docdir}'
exec_prefix='${prefix}'
host_alias=''
htmldir='${docdir}'
includedir='${prefix}/include'
infodir='${datarootdir}/info'
libdir='${exec_prefix}/lib'
libexecdir='${exec_prefix}/libexec'
localedir='${datarootdir}/locale'
localstatedir='${prefix}/var'
mandir='${datarootdir}/man'
oldincludedir='/usr/include'
pdfdir='${docdir}'
prefix='/usr/local'
program_transform_name='s,x,x,'
psdir='${docdir}'
sbindir='${exec_prefix}/sbin'
sharedstatedir='${prefix}/com'
sysconfdir='${prefix}/etc'
target_alias=''

## ----------- ##
## confdefs.h. ##
## ----------- ##

/* confdefs.h */
#define PACKAGE_NAME ""
#define PACKAGE_TARNAME ""
#define PACKAGE_VERSION ""
#define PACKAGE_STRING ""
#define PACKAGE_BUGREPORT ""
#define PACKAGE_URL ""
#define STDC_HEADERS 1
#define HAVE_SYS_TYPES_H 1
#define HAVE_SYS_STAT_H 1
#define HAVE_STDLIB_H 1
#define HAVE_STRING_H 1
#define HAVE_MEMORY_H 1
#define HAVE_STRINGS_H 1
#define HAVE_INTTYPES_H 1
#define HAVE_STDINT_H 1
#define HAVE_UNISTD_H 1
#define __EXTENSIONS__ 1
#define _ALL_SOURCE 1
#define _GNU_SOURCE 1
#define _POSIX_PTHREAD_SEMANTICS 1
#define _TANDEM_SOURCE 1
#define HAVE_USELOCALE 1
#define HAVE_NEWLOCALE 1
#define HAVE_FREELOCALE 1
#define HAVE_XLOCALE_H 1

configure: exit 0
